CRITICAL - 2023-08-05 05:35:23 --> Undefined variable: nik
in APPPATH\Controllers\DataPendudukController.php on line 206.
 1 APPPATH\Controllers\DataPendudukController.php(206): CodeIgniter\Debug\Exceptions->errorHandler(8, 'Undefined variable: nik', 'E:\\xampp\\htdocs\\sibas-rt\\app\\Controllers\\DataPendudukController.php', 206, [...])
 2 SYSTEMPATH\CodeIgniter.php(934): App\Controllers\DataPendudukController->submit_edit()
 3 SYSTEMPATH\CodeIgniter.php(499): CodeIgniter\CodeIgniter->runController(Object(App\Controllers\DataPendudukController))
 4 SYSTEMPATH\CodeIgniter.php(368): CodeIgniter\CodeIgniter->handleRequest(null, Object(Config\Cache), false)
 5 FCPATH\index.php(67): CodeIgniter\CodeIgniter->run()
CRITICAL - 2023-08-05 05:36:20 --> syntax error, unexpected 'return' (T_RETURN), expecting function (T_FUNCTION) or const (T_CONST)
in APPPATH\Controllers\DataPendudukController.php on line 215.
 1 SYSTEMPATH\Autoloader\Autoloader.php(289): CodeIgniter\Autoloader\Autoloader->includeFile('E:\\xampp\\htdocs\\sibas-rt\\app\\Controllers\\DataPendudukController.php')
 2 SYSTEMPATH\Autoloader\Autoloader.php(267): CodeIgniter\Autoloader\Autoloader->loadInNamespace('App\\Controllers\\DataPendudukController')
 3 [internal function]: CodeIgniter\Autoloader\Autoloader->loadClass('App\\Controllers\\DataPendudukController')
 4 [internal function]: spl_autoload_call('App\\Controllers\\DataPendudukController')
 5 SYSTEMPATH\CodeIgniter.php(892): class_exists('\\App\\Controllers\\DataPendudukController', true)
 6 SYSTEMPATH\CodeIgniter.php(486): CodeIgniter\CodeIgniter->startController()
 7 SYSTEMPATH\CodeIgniter.php(368): CodeIgniter\CodeIgniter->handleRequest(null, Object(Config\Cache), false)
 8 FCPATH\index.php(67): CodeIgniter\CodeIgniter->run()
CRITICAL - 2023-08-05 05:36:23 --> syntax error, unexpected 'return' (T_RETURN), expecting function (T_FUNCTION) or const (T_CONST)
in APPPATH\Controllers\DataPendudukController.php on line 215.
 1 SYSTEMPATH\Autoloader\Autoloader.php(289): CodeIgniter\Autoloader\Autoloader->includeFile('E:\\xampp\\htdocs\\sibas-rt\\app\\Controllers\\DataPendudukController.php')
 2 SYSTEMPATH\Autoloader\Autoloader.php(267): CodeIgniter\Autoloader\Autoloader->loadInNamespace('App\\Controllers\\DataPendudukController')
 3 [internal function]: CodeIgniter\Autoloader\Autoloader->loadClass('App\\Controllers\\DataPendudukController')
 4 [internal function]: spl_autoload_call('App\\Controllers\\DataPendudukController')
 5 SYSTEMPATH\CodeIgniter.php(892): class_exists('\\App\\Controllers\\DataPendudukController', true)
 6 SYSTEMPATH\CodeIgniter.php(486): CodeIgniter\CodeIgniter->startController()
 7 SYSTEMPATH\CodeIgniter.php(368): CodeIgniter\CodeIgniter->handleRequest(null, Object(Config\Cache), false)
 8 FCPATH\index.php(67): CodeIgniter\CodeIgniter->run()
CRITICAL - 2023-08-05 05:36:32 --> syntax error, unexpected 'return' (T_RETURN), expecting function (T_FUNCTION) or const (T_CONST)
in APPPATH\Controllers\DataPendudukController.php on line 215.
 1 SYSTEMPATH\Autoloader\Autoloader.php(289): CodeIgniter\Autoloader\Autoloader->includeFile('E:\\xampp\\htdocs\\sibas-rt\\app\\Controllers\\DataPendudukController.php')
 2 SYSTEMPATH\Autoloader\Autoloader.php(267): CodeIgniter\Autoloader\Autoloader->loadInNamespace('App\\Controllers\\DataPendudukController')
 3 [internal function]: CodeIgniter\Autoloader\Autoloader->loadClass('App\\Controllers\\DataPendudukController')
 4 [internal function]: spl_autoload_call('App\\Controllers\\DataPendudukController')
 5 SYSTEMPATH\CodeIgniter.php(892): class_exists('\\App\\Controllers\\DataPendudukController', true)
 6 SYSTEMPATH\CodeIgniter.php(486): CodeIgniter\CodeIgniter->startController()
 7 SYSTEMPATH\CodeIgniter.php(368): CodeIgniter\CodeIgniter->handleRequest(null, Object(Config\Cache), false)
 8 FCPATH\index.php(67): CodeIgniter\CodeIgniter->run()
CRITICAL - 2023-08-05 06:04:36 --> Undefined variable: kk_list
in APPPATH\Views\penentuan_bansos\kriteria_bansos\index.php on line 31.
 1 APPPATH\Views\penentuan_bansos\kriteria_bansos\index.php(31): CodeIgniter\Debug\Exceptions->errorHandler(8, 'Undefined variable: kk_list', 'E:\\xampp\\htdocs\\sibas-rt\\app\\Views\\penentuan_bansos\\kriteria_bansos\\index.php', 31, [...])
 2 SYSTEMPATH\View\View.php(213): include('E:\\xampp\\htdocs\\sibas-rt\\app\\Views\\penentuan_bansos\\kriteria_bansos\\index.php')
 3 SYSTEMPATH\View\View.php(216): CodeIgniter\View\View->CodeIgniter\View\{closure}()
 4 SYSTEMPATH\Common.php(1184): CodeIgniter\View\View->render('penentuan_bansos/kriteria_bansos/index', [], true)
 5 APPPATH\Controllers\KriteriaBansosController.php(19): view('penentuan_bansos/kriteria_bansos/index', [...])
 6 SYSTEMPATH\CodeIgniter.php(934): App\Controllers\KriteriaBansosController->index()
 7 SYSTEMPATH\CodeIgniter.php(499): CodeIgniter\CodeIgniter->runController(Object(App\Controllers\KriteriaBansosController))
 8 SYSTEMPATH\CodeIgniter.php(368): CodeIgniter\CodeIgniter->handleRequest(null, Object(Config\Cache), false)
 9 FCPATH\index.php(67): CodeIgniter\CodeIgniter->run()
CRITICAL - 2023-08-05 06:16:53 --> syntax error, unexpected 'dropdown' (T_STRING), expecting ';' or ','
in APPPATH\Views\master_data\periode_bansos\index.php on line 42.
 1 SYSTEMPATH\View\View.php(216): CodeIgniter\View\View->CodeIgniter\View\{closure}()
 2 SYSTEMPATH\Common.php(1184): CodeIgniter\View\View->render('master_data/periode_bansos/index', [], true)
 3 APPPATH\Controllers\PeriodeBansosController.php(19): view('master_data/periode_bansos/index', [...])
 4 SYSTEMPATH\CodeIgniter.php(934): App\Controllers\PeriodeBansosController->index()
 5 SYSTEMPATH\CodeIgniter.php(499): CodeIgniter\CodeIgniter->runController(Object(App\Controllers\PeriodeBansosController))
 6 SYSTEMPATH\CodeIgniter.php(368): CodeIgniter\CodeIgniter->handleRequest(null, Object(Config\Cache), false)
 7 FCPATH\index.php(67): CodeIgniter\CodeIgniter->run()
CRITICAL - 2023-08-05 06:16:55 --> syntax error, unexpected 'dropdown' (T_STRING), expecting ';' or ','
in APPPATH\Views\master_data\periode_bansos\index.php on line 42.
 1 SYSTEMPATH\View\View.php(216): CodeIgniter\View\View->CodeIgniter\View\{closure}()
 2 SYSTEMPATH\Common.php(1184): CodeIgniter\View\View->render('master_data/periode_bansos/index', [], true)
 3 APPPATH\Controllers\PeriodeBansosController.php(19): view('master_data/periode_bansos/index', [...])
 4 SYSTEMPATH\CodeIgniter.php(934): App\Controllers\PeriodeBansosController->index()
 5 SYSTEMPATH\CodeIgniter.php(499): CodeIgniter\CodeIgniter->runController(Object(App\Controllers\PeriodeBansosController))
 6 SYSTEMPATH\CodeIgniter.php(368): CodeIgniter\CodeIgniter->handleRequest(null, Object(Config\Cache), false)
 7 FCPATH\index.php(67): CodeIgniter\CodeIgniter->run()
CRITICAL - 2023-08-05 06:17:27 --> syntax error, unexpected 'class' (T_CLASS), expecting ';' or ','
in APPPATH\Views\master_data\periode_bansos\index.php on line 42.
 1 SYSTEMPATH\View\View.php(216): CodeIgniter\View\View->CodeIgniter\View\{closure}()
 2 SYSTEMPATH\Common.php(1184): CodeIgniter\View\View->render('master_data/periode_bansos/index', [], true)
 3 APPPATH\Controllers\PeriodeBansosController.php(19): view('master_data/periode_bansos/index', [...])
 4 SYSTEMPATH\CodeIgniter.php(934): App\Controllers\PeriodeBansosController->index()
 5 SYSTEMPATH\CodeIgniter.php(499): CodeIgniter\CodeIgniter->runController(Object(App\Controllers\PeriodeBansosController))
 6 SYSTEMPATH\CodeIgniter.php(368): CodeIgniter\CodeIgniter->handleRequest(null, Object(Config\Cache), false)
 7 FCPATH\index.php(67): CodeIgniter\CodeIgniter->run()
CRITICAL - 2023-08-05 06:20:28 --> syntax error, unexpected '/'
in APPPATH\Views\master_data\periode_bansos\index.php on line 52.
 1 SYSTEMPATH\View\View.php(216): CodeIgniter\View\View->CodeIgniter\View\{closure}()
 2 SYSTEMPATH\Common.php(1184): CodeIgniter\View\View->render('master_data/periode_bansos/index', [], true)
 3 APPPATH\Controllers\PeriodeBansosController.php(19): view('master_data/periode_bansos/index', [...])
 4 SYSTEMPATH\CodeIgniter.php(934): App\Controllers\PeriodeBansosController->index()
 5 SYSTEMPATH\CodeIgniter.php(499): CodeIgniter\CodeIgniter->runController(Object(App\Controllers\PeriodeBansosController))
 6 SYSTEMPATH\CodeIgniter.php(368): CodeIgniter\CodeIgniter->handleRequest(null, Object(Config\Cache), false)
 7 FCPATH\index.php(67): CodeIgniter\CodeIgniter->run()
CRITICAL - 2023-08-05 06:21:56 --> syntax error, unexpected 'echo' (T_ECHO), expecting ';' or ','
in APPPATH\Views\master_data\periode_bansos\index.php on line 52.
 1 SYSTEMPATH\View\View.php(216): CodeIgniter\View\View->CodeIgniter\View\{closure}()
 2 SYSTEMPATH\Common.php(1184): CodeIgniter\View\View->render('master_data/periode_bansos/index', [], true)
 3 APPPATH\Controllers\PeriodeBansosController.php(19): view('master_data/periode_bansos/index', [...])
 4 SYSTEMPATH\CodeIgniter.php(934): App\Controllers\PeriodeBansosController->index()
 5 SYSTEMPATH\CodeIgniter.php(499): CodeIgniter\CodeIgniter->runController(Object(App\Controllers\PeriodeBansosController))
 6 SYSTEMPATH\CodeIgniter.php(368): CodeIgniter\CodeIgniter->handleRequest(null, Object(Config\Cache), false)
 7 FCPATH\index.php(67): CodeIgniter\CodeIgniter->run()
CRITICAL - 2023-08-05 06:49:41 --> Undefined index: jumlah_tanggungan
in APPPATH\Views\master_data\data_kk\index.php on line 36.
 1 APPPATH\Views\master_data\data_kk\index.php(36): CodeIgniter\Debug\Exceptions->errorHandler(8, 'Undefined index: jumlah_tanggungan', 'E:\\xampp\\htdocs\\sibas-rt\\app\\Views\\master_data\\data_kk\\index.php', 36, [...])
 2 SYSTEMPATH\View\View.php(213): include('E:\\xampp\\htdocs\\sibas-rt\\app\\Views\\master_data\\data_kk\\index.php')
 3 SYSTEMPATH\View\View.php(216): CodeIgniter\View\View->CodeIgniter\View\{closure}()
 4 SYSTEMPATH\Common.php(1184): CodeIgniter\View\View->render('master_data/data_kk/index', [], true)
 5 APPPATH\Controllers\DataKartuKeluargaController.php(32): view('master_data/data_kk/index', [...])
 6 SYSTEMPATH\CodeIgniter.php(934): App\Controllers\DataKartuKeluargaController->index()
 7 SYSTEMPATH\CodeIgniter.php(499): CodeIgniter\CodeIgniter->runController(Object(App\Controllers\DataKartuKeluargaController))
 8 SYSTEMPATH\CodeIgniter.php(368): CodeIgniter\CodeIgniter->handleRequest(null, Object(Config\Cache), false)
 9 FCPATH\index.php(67): CodeIgniter\CodeIgniter->run()
CRITICAL - 2023-08-05 06:52:42 --> Undefined index: jumlah_tanggungan
in APPPATH\Views\master_data\data_kk\index.php on line 37.
 1 APPPATH\Views\master_data\data_kk\index.php(37): CodeIgniter\Debug\Exceptions->errorHandler(8, 'Undefined index: jumlah_tanggungan', 'E:\\xampp\\htdocs\\sibas-rt\\app\\Views\\master_data\\data_kk\\index.php', 37, [...])
 2 SYSTEMPATH\View\View.php(213): include('E:\\xampp\\htdocs\\sibas-rt\\app\\Views\\master_data\\data_kk\\index.php')
 3 SYSTEMPATH\View\View.php(216): CodeIgniter\View\View->CodeIgniter\View\{closure}()
 4 SYSTEMPATH\Common.php(1184): CodeIgniter\View\View->render('master_data/data_kk/index', [], true)
 5 APPPATH\Controllers\DataKartuKeluargaController.php(32): view('master_data/data_kk/index', [...])
 6 SYSTEMPATH\CodeIgniter.php(934): App\Controllers\DataKartuKeluargaController->index()
 7 SYSTEMPATH\CodeIgniter.php(499): CodeIgniter\CodeIgniter->runController(Object(App\Controllers\DataKartuKeluargaController))
 8 SYSTEMPATH\CodeIgniter.php(368): CodeIgniter\CodeIgniter->handleRequest(null, Object(Config\Cache), false)
 9 FCPATH\index.php(67): CodeIgniter\CodeIgniter->run()
CRITICAL - 2023-08-05 06:54:42 --> Undefined index: jumlah_tanggungan
in APPPATH\Views\master_data\data_kk\index.php on line 37.
 1 APPPATH\Views\master_data\data_kk\index.php(37): CodeIgniter\Debug\Exceptions->errorHandler(8, 'Undefined index: jumlah_tanggungan', 'E:\\xampp\\htdocs\\sibas-rt\\app\\Views\\master_data\\data_kk\\index.php', 37, [...])
 2 SYSTEMPATH\View\View.php(213): include('E:\\xampp\\htdocs\\sibas-rt\\app\\Views\\master_data\\data_kk\\index.php')
 3 SYSTEMPATH\View\View.php(216): CodeIgniter\View\View->CodeIgniter\View\{closure}()
 4 SYSTEMPATH\Common.php(1184): CodeIgniter\View\View->render('master_data/data_kk/index', [], true)
 5 APPPATH\Controllers\DataKartuKeluargaController.php(32): view('master_data/data_kk/index', [...])
 6 SYSTEMPATH\CodeIgniter.php(934): App\Controllers\DataKartuKeluargaController->index()
 7 SYSTEMPATH\CodeIgniter.php(499): CodeIgniter\CodeIgniter->runController(Object(App\Controllers\DataKartuKeluargaController))
 8 SYSTEMPATH\CodeIgniter.php(368): CodeIgniter\CodeIgniter->handleRequest(null, Object(Config\Cache), false)
 9 FCPATH\index.php(67): CodeIgniter\CodeIgniter->run()
CRITICAL - 2023-08-05 06:59:06 --> syntax error, unexpected '"jumlah_tanggungan"' (T_CONSTANT_ENCAPSED_STRING), expecting ']'
in APPPATH\Controllers\DataKartuKeluargaController.php on line 25.
 1 SYSTEMPATH\Autoloader\Autoloader.php(289): CodeIgniter\Autoloader\Autoloader->includeFile('E:\\xampp\\htdocs\\sibas-rt\\app\\Controllers\\DataKartuKeluargaController.php')
 2 SYSTEMPATH\Autoloader\Autoloader.php(267): CodeIgniter\Autoloader\Autoloader->loadInNamespace('App\\Controllers\\DataKartuKeluargaController')
 3 [internal function]: CodeIgniter\Autoloader\Autoloader->loadClass('App\\Controllers\\DataKartuKeluargaController')
 4 [internal function]: spl_autoload_call('App\\Controllers\\DataKartuKeluargaController')
 5 SYSTEMPATH\CodeIgniter.php(892): class_exists('\\App\\Controllers\\DataKartuKeluargaController', true)
 6 SYSTEMPATH\CodeIgniter.php(486): CodeIgniter\CodeIgniter->startController()
 7 SYSTEMPATH\CodeIgniter.php(368): CodeIgniter\CodeIgniter->handleRequest(null, Object(Config\Cache), false)
 8 FCPATH\index.php(67): CodeIgniter\CodeIgniter->run()
CRITICAL - 2023-08-05 07:26:41 --> Undefined variable: id_kk
in APPPATH\Controllers\DataPendudukController.php on line 131.
 1 APPPATH\Controllers\DataPendudukController.php(131): CodeIgniter\Debug\Exceptions->errorHandler(8, 'Undefined variable: id_kk', 'E:\\xampp\\htdocs\\sibas-rt\\app\\Controllers\\DataPendudukController.php', 131, [...])
 2 SYSTEMPATH\CodeIgniter.php(934): App\Controllers\DataPendudukController->delete_penduduk()
 3 SYSTEMPATH\CodeIgniter.php(499): CodeIgniter\CodeIgniter->runController(Object(App\Controllers\DataPendudukController))
 4 SYSTEMPATH\CodeIgniter.php(368): CodeIgniter\CodeIgniter->handleRequest(null, Object(Config\Cache), false)
 5 FCPATH\index.php(67): CodeIgniter\CodeIgniter->run()
ERROR - 2023-08-05 08:14:37 --> mysqli_sql_exception: Column 'nama_periode' cannot be null in E:\xampp\htdocs\sibas-rt\system\Database\MySQLi\Connection.php:295
Stack trace:
#0 E:\xampp\htdocs\sibas-rt\system\Database\MySQLi\Connection.php(295): mysqli->query('INSERT INTO `pe...', 0)
#1 E:\xampp\htdocs\sibas-rt\system\Database\BaseConnection.php(691): CodeIgniter\Database\MySQLi\Connection->execute('INSERT INTO `pe...')
#2 E:\xampp\htdocs\sibas-rt\system\Database\BaseConnection.php(605): CodeIgniter\Database\BaseConnection->simpleQuery('INSERT INTO `pe...')
#3 E:\xampp\htdocs\sibas-rt\system\Database\BaseBuilder.php(2309): CodeIgniter\Database\BaseConnection->query('INSERT INTO `pe...', Array, false)
#4 E:\xampp\htdocs\sibas-rt\system\Model.php(330): CodeIgniter\Database\BaseBuilder->insert()
#5 E:\xampp\htdocs\sibas-rt\system\BaseModel.php(782): CodeIgniter\Model->doInsert(Array)
#6 E:\xampp\htdocs\sibas-rt\system\Model.php(730): CodeIgniter\BaseModel->insert(Array, false)
#7 E:\xampp\htdocs\sibas-rt\app\Controllers\PeriodeBansosController.php(57): CodeIgniter\Model->insert(Array, false)
#8 E:\xampp\htdocs\sibas-rt\system\CodeIgniter.php(934): App\Controllers\PeriodeBansosController->submit_tambah()
#9 E:\xampp\htdocs\sibas-rt\system\CodeIgniter.php(499): CodeIgniter\CodeIgniter->runController(Object(App\Controllers\PeriodeBansosController))
#10 E:\xampp\htdocs\sibas-rt\system\CodeIgniter.php(368): CodeIgniter\CodeIgniter->handleRequest(NULL, Object(Config\Cache), false)
#11 E:\xampp\htdocs\sibas-rt\index.php(67): CodeIgniter\CodeIgniter->run()
#12 {main}
CRITICAL - 2023-08-05 08:14:37 --> Column 'nama_periode' cannot be null
in SYSTEMPATH\Database\MySQLi\Connection.php on line 295.
 1 SYSTEMPATH\Database\MySQLi\Connection.php(295): mysqli->query('INSERT INTO `periode_bansos` (`nama_periode`, `kuota`, `tgl_awal`, `tgl_akhir`, `keterangan`) VALUES (NULL, NULL, \'1970-01-01\', \'1970-01-01\', NULL)', 0)
 2 SYSTEMPATH\Database\BaseConnection.php(691): CodeIgniter\Database\MySQLi\Connection->execute('INSERT INTO `periode_bansos` (`nama_periode`, `kuota`, `tgl_awal`, `tgl_akhir`, `keterangan`) VALUES (NULL, NULL, \'1970-01-01\', \'1970-01-01\', NULL)')
 3 SYSTEMPATH\Database\BaseConnection.php(605): CodeIgniter\Database\BaseConnection->simpleQuery('INSERT INTO `periode_bansos` (`nama_periode`, `kuota`, `tgl_awal`, `tgl_akhir`, `keterangan`) VALUES (NULL, NULL, \'1970-01-01\', \'1970-01-01\', NULL)')
 4 SYSTEMPATH\Database\BaseBuilder.php(2309): CodeIgniter\Database\BaseConnection->query('INSERT INTO `periode_bansos` (`nama_periode`, `kuota`, `tgl_awal`, `tgl_akhir`, `keterangan`) VALUES (:nama_periode:, :kuota:, :tgl_awal:, :tgl_akhir:, :keterangan:)', [...], false)
 5 SYSTEMPATH\Model.php(330): CodeIgniter\Database\BaseBuilder->insert()
 6 SYSTEMPATH\BaseModel.php(782): CodeIgniter\Model->doInsert([...])
 7 SYSTEMPATH\Model.php(730): CodeIgniter\BaseModel->insert([...], false)
 8 APPPATH\Controllers\PeriodeBansosController.php(57): CodeIgniter\Model->insert([...], false)
 9 SYSTEMPATH\CodeIgniter.php(934): App\Controllers\PeriodeBansosController->submit_tambah()
10 SYSTEMPATH\CodeIgniter.php(499): CodeIgniter\CodeIgniter->runController(Object(App\Controllers\PeriodeBansosController))
11 SYSTEMPATH\CodeIgniter.php(368): CodeIgniter\CodeIgniter->handleRequest(null, Object(Config\Cache), false)
12 FCPATH\index.php(67): CodeIgniter\CodeIgniter->run()
ERROR - 2023-08-05 08:54:59 --> mysqli_sql_exception: Column 'nama_periode' cannot be null in E:\xampp\htdocs\sibas-rt\system\Database\MySQLi\Connection.php:295
Stack trace:
#0 E:\xampp\htdocs\sibas-rt\system\Database\MySQLi\Connection.php(295): mysqli->query('INSERT INTO `pe...', 0)
#1 E:\xampp\htdocs\sibas-rt\system\Database\BaseConnection.php(691): CodeIgniter\Database\MySQLi\Connection->execute('INSERT INTO `pe...')
#2 E:\xampp\htdocs\sibas-rt\system\Database\BaseConnection.php(605): CodeIgniter\Database\BaseConnection->simpleQuery('INSERT INTO `pe...')
#3 E:\xampp\htdocs\sibas-rt\system\Database\BaseBuilder.php(2309): CodeIgniter\Database\BaseConnection->query('INSERT INTO `pe...', Array, false)
#4 E:\xampp\htdocs\sibas-rt\system\Model.php(330): CodeIgniter\Database\BaseBuilder->insert()
#5 E:\xampp\htdocs\sibas-rt\system\BaseModel.php(782): CodeIgniter\Model->doInsert(Array)
#6 E:\xampp\htdocs\sibas-rt\system\Model.php(730): CodeIgniter\BaseModel->insert(Array, false)
#7 E:\xampp\htdocs\sibas-rt\app\Controllers\PeriodeBansosController.php(60): CodeIgniter\Model->insert(Array, false)
#8 E:\xampp\htdocs\sibas-rt\system\CodeIgniter.php(934): App\Controllers\PeriodeBansosController->submit_tambah()
#9 E:\xampp\htdocs\sibas-rt\system\CodeIgniter.php(499): CodeIgniter\CodeIgniter->runController(Object(App\Controllers\PeriodeBansosController))
#10 E:\xampp\htdocs\sibas-rt\system\CodeIgniter.php(368): CodeIgniter\CodeIgniter->handleRequest(NULL, Object(Config\Cache), false)
#11 E:\xampp\htdocs\sibas-rt\index.php(67): CodeIgniter\CodeIgniter->run()
#12 {main}
CRITICAL - 2023-08-05 08:54:59 --> Column 'nama_periode' cannot be null
in SYSTEMPATH\Database\MySQLi\Connection.php on line 295.
 1 SYSTEMPATH\Database\MySQLi\Connection.php(295): mysqli->query('INSERT INTO `periode_bansos` (`nama_periode`, `kuota`, `tgl_awal`, `tgl_akhir`, `keterangan`) VALUES (NULL, NULL, \'1970-01-01\', \'1970-01-01\', NULL)', 0)
 2 SYSTEMPATH\Database\BaseConnection.php(691): CodeIgniter\Database\MySQLi\Connection->execute('INSERT INTO `periode_bansos` (`nama_periode`, `kuota`, `tgl_awal`, `tgl_akhir`, `keterangan`) VALUES (NULL, NULL, \'1970-01-01\', \'1970-01-01\', NULL)')
 3 SYSTEMPATH\Database\BaseConnection.php(605): CodeIgniter\Database\BaseConnection->simpleQuery('INSERT INTO `periode_bansos` (`nama_periode`, `kuota`, `tgl_awal`, `tgl_akhir`, `keterangan`) VALUES (NULL, NULL, \'1970-01-01\', \'1970-01-01\', NULL)')
 4 SYSTEMPATH\Database\BaseBuilder.php(2309): CodeIgniter\Database\BaseConnection->query('INSERT INTO `periode_bansos` (`nama_periode`, `kuota`, `tgl_awal`, `tgl_akhir`, `keterangan`) VALUES (:nama_periode:, :kuota:, :tgl_awal:, :tgl_akhir:, :keterangan:)', [...], false)
 5 SYSTEMPATH\Model.php(330): CodeIgniter\Database\BaseBuilder->insert()
 6 SYSTEMPATH\BaseModel.php(782): CodeIgniter\Model->doInsert([...])
 7 SYSTEMPATH\Model.php(730): CodeIgniter\BaseModel->insert([...], false)
 8 APPPATH\Controllers\PeriodeBansosController.php(60): CodeIgniter\Model->insert([...], false)
 9 SYSTEMPATH\CodeIgniter.php(934): App\Controllers\PeriodeBansosController->submit_tambah()
10 SYSTEMPATH\CodeIgniter.php(499): CodeIgniter\CodeIgniter->runController(Object(App\Controllers\PeriodeBansosController))
11 SYSTEMPATH\CodeIgniter.php(368): CodeIgniter\CodeIgniter->handleRequest(null, Object(Config\Cache), false)
12 FCPATH\index.php(67): CodeIgniter\CodeIgniter->run()
CRITICAL - 2023-08-05 09:14:24 --> syntax error, unexpected 'return' (T_RETURN), expecting function (T_FUNCTION) or const (T_CONST)
in APPPATH\Controllers\PeriodeBansosController.php on line 183.
 1 SYSTEMPATH\Autoloader\Autoloader.php(289): CodeIgniter\Autoloader\Autoloader->includeFile('E:\\xampp\\htdocs\\sibas-rt\\app\\Controllers\\PeriodeBansosController.php')
 2 SYSTEMPATH\Autoloader\Autoloader.php(267): CodeIgniter\Autoloader\Autoloader->loadInNamespace('App\\Controllers\\PeriodeBansosController')
 3 [internal function]: CodeIgniter\Autoloader\Autoloader->loadClass('App\\Controllers\\PeriodeBansosController')
 4 [internal function]: spl_autoload_call('App\\Controllers\\PeriodeBansosController')
 5 SYSTEMPATH\CodeIgniter.php(892): class_exists('\\App\\Controllers\\PeriodeBansosController', true)
 6 SYSTEMPATH\CodeIgniter.php(486): CodeIgniter\CodeIgniter->startController()
 7 SYSTEMPATH\CodeIgniter.php(368): CodeIgniter\CodeIgniter->handleRequest(null, Object(Config\Cache), false)
 8 FCPATH\index.php(67): CodeIgniter\CodeIgniter->run()
CRITICAL - 2023-08-05 09:15:03 --> syntax error, unexpected 'return' (T_RETURN), expecting function (T_FUNCTION) or const (T_CONST)
in APPPATH\Controllers\PeriodeBansosController.php on line 182.
 1 SYSTEMPATH\Autoloader\Autoloader.php(289): CodeIgniter\Autoloader\Autoloader->includeFile('E:\\xampp\\htdocs\\sibas-rt\\app\\Controllers\\PeriodeBansosController.php')
 2 SYSTEMPATH\Autoloader\Autoloader.php(267): CodeIgniter\Autoloader\Autoloader->loadInNamespace('App\\Controllers\\PeriodeBansosController')
 3 [internal function]: CodeIgniter\Autoloader\Autoloader->loadClass('App\\Controllers\\PeriodeBansosController')
 4 [internal function]: spl_autoload_call('App\\Controllers\\PeriodeBansosController')
 5 SYSTEMPATH\CodeIgniter.php(892): class_exists('\\App\\Controllers\\PeriodeBansosController', true)
 6 SYSTEMPATH\CodeIgniter.php(486): CodeIgniter\CodeIgniter->startController()
 7 SYSTEMPATH\CodeIgniter.php(368): CodeIgniter\CodeIgniter->handleRequest(null, Object(Config\Cache), false)
 8 FCPATH\index.php(67): CodeIgniter\CodeIgniter->run()
CRITICAL - 2023-08-05 09:15:39 --> syntax error, unexpected end of file, expecting function (T_FUNCTION) or const (T_CONST)
in APPPATH\Controllers\PeriodeBansosController.php on line 187.
 1 SYSTEMPATH\Autoloader\Autoloader.php(289): CodeIgniter\Autoloader\Autoloader->includeFile('E:\\xampp\\htdocs\\sibas-rt\\app\\Controllers\\PeriodeBansosController.php')
 2 SYSTEMPATH\Autoloader\Autoloader.php(267): CodeIgniter\Autoloader\Autoloader->loadInNamespace('App\\Controllers\\PeriodeBansosController')
 3 [internal function]: CodeIgniter\Autoloader\Autoloader->loadClass('App\\Controllers\\PeriodeBansosController')
 4 [internal function]: spl_autoload_call('App\\Controllers\\PeriodeBansosController')
 5 SYSTEMPATH\CodeIgniter.php(892): class_exists('\\App\\Controllers\\PeriodeBansosController', true)
 6 SYSTEMPATH\CodeIgniter.php(486): CodeIgniter\CodeIgniter->startController()
 7 SYSTEMPATH\CodeIgniter.php(368): CodeIgniter\CodeIgniter->handleRequest(null, Object(Config\Cache), false)
 8 FCPATH\index.php(67): CodeIgniter\CodeIgniter->run()
CRITICAL - 2023-08-05 09:15:52 --> syntax error, unexpected end of file, expecting function (T_FUNCTION) or const (T_CONST)
in APPPATH\Controllers\PeriodeBansosController.php on line 187.
 1 SYSTEMPATH\Autoloader\Autoloader.php(289): CodeIgniter\Autoloader\Autoloader->includeFile('E:\\xampp\\htdocs\\sibas-rt\\app\\Controllers\\PeriodeBansosController.php')
 2 SYSTEMPATH\Autoloader\Autoloader.php(267): CodeIgniter\Autoloader\Autoloader->loadInNamespace('App\\Controllers\\PeriodeBansosController')
 3 [internal function]: CodeIgniter\Autoloader\Autoloader->loadClass('App\\Controllers\\PeriodeBansosController')
 4 [internal function]: spl_autoload_call('App\\Controllers\\PeriodeBansosController')
 5 SYSTEMPATH\CodeIgniter.php(892): class_exists('\\App\\Controllers\\PeriodeBansosController', true)
 6 SYSTEMPATH\CodeIgniter.php(486): CodeIgniter\CodeIgniter->startController()
 7 SYSTEMPATH\CodeIgniter.php(368): CodeIgniter\CodeIgniter->handleRequest(null, Object(Config\Cache), false)
 8 FCPATH\index.php(67): CodeIgniter\CodeIgniter->run()
CRITICAL - 2023-08-05 09:16:20 --> syntax error, unexpected end of file, expecting function (T_FUNCTION) or const (T_CONST)
in APPPATH\Controllers\PeriodeBansosController.php on line 187.
 1 SYSTEMPATH\Autoloader\Autoloader.php(289): CodeIgniter\Autoloader\Autoloader->includeFile('E:\\xampp\\htdocs\\sibas-rt\\app\\Controllers\\PeriodeBansosController.php')
 2 SYSTEMPATH\Autoloader\Autoloader.php(267): CodeIgniter\Autoloader\Autoloader->loadInNamespace('App\\Controllers\\PeriodeBansosController')
 3 [internal function]: CodeIgniter\Autoloader\Autoloader->loadClass('App\\Controllers\\PeriodeBansosController')
 4 [internal function]: spl_autoload_call('App\\Controllers\\PeriodeBansosController')
 5 SYSTEMPATH\CodeIgniter.php(892): class_exists('\\App\\Controllers\\PeriodeBansosController', true)
 6 SYSTEMPATH\CodeIgniter.php(486): CodeIgniter\CodeIgniter->startController()
 7 SYSTEMPATH\CodeIgniter.php(368): CodeIgniter\CodeIgniter->handleRequest(null, Object(Config\Cache), false)
 8 FCPATH\index.php(67): CodeIgniter\CodeIgniter->run()
CRITICAL - 2023-08-05 09:16:27 --> syntax error, unexpected 'return' (T_RETURN), expecting function (T_FUNCTION) or const (T_CONST)
in APPPATH\Controllers\PeriodeBansosController.php on line 183.
 1 SYSTEMPATH\Autoloader\Autoloader.php(289): CodeIgniter\Autoloader\Autoloader->includeFile('E:\\xampp\\htdocs\\sibas-rt\\app\\Controllers\\PeriodeBansosController.php')
 2 SYSTEMPATH\Autoloader\Autoloader.php(267): CodeIgniter\Autoloader\Autoloader->loadInNamespace('App\\Controllers\\PeriodeBansosController')
 3 [internal function]: CodeIgniter\Autoloader\Autoloader->loadClass('App\\Controllers\\PeriodeBansosController')
 4 [internal function]: spl_autoload_call('App\\Controllers\\PeriodeBansosController')
 5 SYSTEMPATH\CodeIgniter.php(892): class_exists('\\App\\Controllers\\PeriodeBansosController', true)
 6 SYSTEMPATH\CodeIgniter.php(486): CodeIgniter\CodeIgniter->startController()
 7 SYSTEMPATH\CodeIgniter.php(368): CodeIgniter\CodeIgniter->handleRequest(null, Object(Config\Cache), false)
 8 FCPATH\index.php(67): CodeIgniter\CodeIgniter->run()
CRITICAL - 2023-08-05 09:31:52 --> syntax error, unexpected '}'
in APPPATH\Controllers\PeriodeBansosController.php on line 165.
 1 SYSTEMPATH\Autoloader\Autoloader.php(289): CodeIgniter\Autoloader\Autoloader->includeFile('E:\\xampp\\htdocs\\sibas-rt\\app\\Controllers\\PeriodeBansosController.php')
 2 SYSTEMPATH\Autoloader\Autoloader.php(267): CodeIgniter\Autoloader\Autoloader->loadInNamespace('App\\Controllers\\PeriodeBansosController')
 3 [internal function]: CodeIgniter\Autoloader\Autoloader->loadClass('App\\Controllers\\PeriodeBansosController')
 4 [internal function]: spl_autoload_call('App\\Controllers\\PeriodeBansosController')
 5 SYSTEMPATH\CodeIgniter.php(892): class_exists('\\App\\Controllers\\PeriodeBansosController', true)
 6 SYSTEMPATH\CodeIgniter.php(486): CodeIgniter\CodeIgniter->startController()
 7 SYSTEMPATH\CodeIgniter.php(368): CodeIgniter\CodeIgniter->handleRequest(null, Object(Config\Cache), false)
 8 FCPATH\index.php(67): CodeIgniter\CodeIgniter->run()
CRITICAL - 2023-08-05 09:31:53 --> syntax error, unexpected '}'
in APPPATH\Controllers\PeriodeBansosController.php on line 165.
 1 SYSTEMPATH\Autoloader\Autoloader.php(289): CodeIgniter\Autoloader\Autoloader->includeFile('E:\\xampp\\htdocs\\sibas-rt\\app\\Controllers\\PeriodeBansosController.php')
 2 SYSTEMPATH\Autoloader\Autoloader.php(267): CodeIgniter\Autoloader\Autoloader->loadInNamespace('App\\Controllers\\PeriodeBansosController')
 3 [internal function]: CodeIgniter\Autoloader\Autoloader->loadClass('App\\Controllers\\PeriodeBansosController')
 4 [internal function]: spl_autoload_call('App\\Controllers\\PeriodeBansosController')
 5 SYSTEMPATH\CodeIgniter.php(892): class_exists('\\App\\Controllers\\PeriodeBansosController', true)
 6 SYSTEMPATH\CodeIgniter.php(486): CodeIgniter\CodeIgniter->startController()
 7 SYSTEMPATH\CodeIgniter.php(368): CodeIgniter\CodeIgniter->handleRequest(null, Object(Config\Cache), false)
 8 FCPATH\index.php(67): CodeIgniter\CodeIgniter->run()
CRITICAL - 2023-08-05 09:31:58 --> syntax error, unexpected '}'
in APPPATH\Controllers\PeriodeBansosController.php on line 165.
 1 SYSTEMPATH\Autoloader\Autoloader.php(289): CodeIgniter\Autoloader\Autoloader->includeFile('E:\\xampp\\htdocs\\sibas-rt\\app\\Controllers\\PeriodeBansosController.php')
 2 SYSTEMPATH\Autoloader\Autoloader.php(267): CodeIgniter\Autoloader\Autoloader->loadInNamespace('App\\Controllers\\PeriodeBansosController')
 3 [internal function]: CodeIgniter\Autoloader\Autoloader->loadClass('App\\Controllers\\PeriodeBansosController')
 4 [internal function]: spl_autoload_call('App\\Controllers\\PeriodeBansosController')
 5 SYSTEMPATH\CodeIgniter.php(892): class_exists('\\App\\Controllers\\PeriodeBansosController', true)
 6 SYSTEMPATH\CodeIgniter.php(486): CodeIgniter\CodeIgniter->startController()
 7 SYSTEMPATH\CodeIgniter.php(368): CodeIgniter\CodeIgniter->handleRequest(null, Object(Config\Cache), false)
 8 FCPATH\index.php(67): CodeIgniter\CodeIgniter->run()
CRITICAL - 2023-08-05 09:32:28 --> Class 'App\Models\KriteriaBansosModel' not found
in APPPATH\Controllers\PeriodeBansosController.php on line 168.
 1 SYSTEMPATH\CodeIgniter.php(934): App\Controllers\PeriodeBansosController->submit_kriteria()
 2 SYSTEMPATH\CodeIgniter.php(499): CodeIgniter\CodeIgniter->runController(Object(App\Controllers\PeriodeBansosController))
 3 SYSTEMPATH\CodeIgniter.php(368): CodeIgniter\CodeIgniter->handleRequest(null, Object(Config\Cache), false)
 4 FCPATH\index.php(67): CodeIgniter\CodeIgniter->run()
CRITICAL - 2023-08-05 09:36:56 --> Undefined variable: periode_bansos
in APPPATH\Views\master_data\periode_bansos\add_kriteria.php on line 34.
 1 APPPATH\Views\master_data\periode_bansos\add_kriteria.php(34): CodeIgniter\Debug\Exceptions->errorHandler(8, 'Undefined variable: periode_bansos', 'E:\\xampp\\htdocs\\sibas-rt\\app\\Views\\master_data\\periode_bansos\\add_kriteria.php', 34, [...])
 2 SYSTEMPATH\View\View.php(213): include('E:\\xampp\\htdocs\\sibas-rt\\app\\Views\\master_data\\periode_bansos\\add_kriteria.php')
 3 SYSTEMPATH\View\View.php(216): CodeIgniter\View\View->CodeIgniter\View\{closure}()
 4 SYSTEMPATH\Common.php(1184): CodeIgniter\View\View->render('master_data/periode_bansos/add_kriteria', [], true)
 5 APPPATH\Controllers\PeriodeBansosController.php(28): view('master_data/periode_bansos/add_kriteria', [...])
 6 SYSTEMPATH\CodeIgniter.php(934): App\Controllers\PeriodeBansosController->config_kriteria()
 7 SYSTEMPATH\CodeIgniter.php(499): CodeIgniter\CodeIgniter->runController(Object(App\Controllers\PeriodeBansosController))
 8 SYSTEMPATH\CodeIgniter.php(368): CodeIgniter\CodeIgniter->handleRequest(null, Object(Config\Cache), false)
 9 FCPATH\index.php(67): CodeIgniter\CodeIgniter->run()
CRITICAL - 2023-08-05 09:47:54 --> Undefined variable: kk_list
in APPPATH\Views\penentuan_bansos\kriteria_bansos\index.php on line 31.
 1 APPPATH\Views\penentuan_bansos\kriteria_bansos\index.php(31): CodeIgniter\Debug\Exceptions->errorHandler(8, 'Undefined variable: kk_list', 'E:\\xampp\\htdocs\\sibas-rt\\app\\Views\\penentuan_bansos\\kriteria_bansos\\index.php', 31, [...])
 2 SYSTEMPATH\View\View.php(213): include('E:\\xampp\\htdocs\\sibas-rt\\app\\Views\\penentuan_bansos\\kriteria_bansos\\index.php')
 3 SYSTEMPATH\View\View.php(216): CodeIgniter\View\View->CodeIgniter\View\{closure}()
 4 SYSTEMPATH\Common.php(1184): CodeIgniter\View\View->render('penentuan_bansos/kriteria_bansos/index', [], true)
 5 APPPATH\Controllers\KriteriaBansosController.php(19): view('penentuan_bansos/kriteria_bansos/index', [...])
 6 SYSTEMPATH\CodeIgniter.php(934): App\Controllers\KriteriaBansosController->index()
 7 SYSTEMPATH\CodeIgniter.php(499): CodeIgniter\CodeIgniter->runController(Object(App\Controllers\KriteriaBansosController))
 8 SYSTEMPATH\CodeIgniter.php(368): CodeIgniter\CodeIgniter->handleRequest(null, Object(Config\Cache), false)
 9 FCPATH\index.php(67): CodeIgniter\CodeIgniter->run()
CRITICAL - 2023-08-05 09:49:08 --> Undefined variable: kk_list
in APPPATH\Views\penentuan_bansos\kriteria_bansos\index.php on line 31.
 1 APPPATH\Views\penentuan_bansos\kriteria_bansos\index.php(31): CodeIgniter\Debug\Exceptions->errorHandler(8, 'Undefined variable: kk_list', 'E:\\xampp\\htdocs\\sibas-rt\\app\\Views\\penentuan_bansos\\kriteria_bansos\\index.php', 31, [...])
 2 SYSTEMPATH\View\View.php(213): include('E:\\xampp\\htdocs\\sibas-rt\\app\\Views\\penentuan_bansos\\kriteria_bansos\\index.php')
 3 SYSTEMPATH\View\View.php(216): CodeIgniter\View\View->CodeIgniter\View\{closure}()
 4 SYSTEMPATH\Common.php(1184): CodeIgniter\View\View->render('penentuan_bansos/kriteria_bansos/index', [], true)
 5 APPPATH\Controllers\KriteriaBansosController.php(19): view('penentuan_bansos/kriteria_bansos/index', [...])
 6 SYSTEMPATH\CodeIgniter.php(934): App\Controllers\KriteriaBansosController->index()
 7 SYSTEMPATH\CodeIgniter.php(499): CodeIgniter\CodeIgniter->runController(Object(App\Controllers\KriteriaBansosController))
 8 SYSTEMPATH\CodeIgniter.php(368): CodeIgniter\CodeIgniter->handleRequest(null, Object(Config\Cache), false)
 9 FCPATH\index.php(67): CodeIgniter\CodeIgniter->run()
CRITICAL - 2023-08-05 09:54:34 --> Undefined variable: kk_list
in APPPATH\Views\penentuan_bansos\kriteria_bansos\index.php on line 31.
 1 APPPATH\Views\penentuan_bansos\kriteria_bansos\index.php(31): CodeIgniter\Debug\Exceptions->errorHandler(8, 'Undefined variable: kk_list', 'E:\\xampp\\htdocs\\sibas-rt\\app\\Views\\penentuan_bansos\\kriteria_bansos\\index.php', 31, [...])
 2 SYSTEMPATH\View\View.php(213): include('E:\\xampp\\htdocs\\sibas-rt\\app\\Views\\penentuan_bansos\\kriteria_bansos\\index.php')
 3 SYSTEMPATH\View\View.php(216): CodeIgniter\View\View->CodeIgniter\View\{closure}()
 4 SYSTEMPATH\Common.php(1184): CodeIgniter\View\View->render('penentuan_bansos/kriteria_bansos/index', [], true)
 5 APPPATH\Controllers\KriteriaBansosController.php(19): view('penentuan_bansos/kriteria_bansos/index', [...])
 6 SYSTEMPATH\CodeIgniter.php(934): App\Controllers\KriteriaBansosController->index()
 7 SYSTEMPATH\CodeIgniter.php(499): CodeIgniter\CodeIgniter->runController(Object(App\Controllers\KriteriaBansosController))
 8 SYSTEMPATH\CodeIgniter.php(368): CodeIgniter\CodeIgniter->handleRequest(null, Object(Config\Cache), false)
 9 FCPATH\index.php(67): CodeIgniter\CodeIgniter->run()
CRITICAL - 2023-08-05 10:16:47 --> Undefined variable: kk_list
in APPPATH\Views\penentuan_bansos\kriteria_bansos\index.php on line 31.
 1 APPPATH\Views\penentuan_bansos\kriteria_bansos\index.php(31): CodeIgniter\Debug\Exceptions->errorHandler(8, 'Undefined variable: kk_list', 'E:\\xampp\\htdocs\\sibas-rt\\app\\Views\\penentuan_bansos\\kriteria_bansos\\index.php', 31, [...])
 2 SYSTEMPATH\View\View.php(213): include('E:\\xampp\\htdocs\\sibas-rt\\app\\Views\\penentuan_bansos\\kriteria_bansos\\index.php')
 3 SYSTEMPATH\View\View.php(216): CodeIgniter\View\View->CodeIgniter\View\{closure}()
 4 SYSTEMPATH\Common.php(1184): CodeIgniter\View\View->render('penentuan_bansos/kriteria_bansos/index', [], true)
 5 APPPATH\Controllers\KriteriaBansosController.php(19): view('penentuan_bansos/kriteria_bansos/index', [...])
 6 SYSTEMPATH\CodeIgniter.php(934): App\Controllers\KriteriaBansosController->index()
 7 SYSTEMPATH\CodeIgniter.php(499): CodeIgniter\CodeIgniter->runController(Object(App\Controllers\KriteriaBansosController))
 8 SYSTEMPATH\CodeIgniter.php(368): CodeIgniter\CodeIgniter->handleRequest(null, Object(Config\Cache), false)
 9 FCPATH\index.php(67): CodeIgniter\CodeIgniter->run()
CRITICAL - 2023-08-05 10:21:13 --> Undefined variable: data
in APPPATH\Controllers\KriteriaBansosController.php on line 19.
 1 APPPATH\Controllers\KriteriaBansosController.php(19): CodeIgniter\Debug\Exceptions->errorHandler(8, 'Undefined variable: data', 'E:\\xampp\\htdocs\\sibas-rt\\app\\Controllers\\KriteriaBansosController.php', 19, [])
 2 SYSTEMPATH\CodeIgniter.php(934): App\Controllers\KriteriaBansosController->index()
 3 SYSTEMPATH\CodeIgniter.php(499): CodeIgniter\CodeIgniter->runController(Object(App\Controllers\KriteriaBansosController))
 4 SYSTEMPATH\CodeIgniter.php(368): CodeIgniter\CodeIgniter->handleRequest(null, Object(Config\Cache), false)
 5 FCPATH\index.php(67): CodeIgniter\CodeIgniter->run()
CRITICAL - 2023-08-05 10:21:57 --> Undefined variable: kk_list
in APPPATH\Views\penentuan_bansos\kriteria_bansos\index.php on line 31.
 1 APPPATH\Views\penentuan_bansos\kriteria_bansos\index.php(31): CodeIgniter\Debug\Exceptions->errorHandler(8, 'Undefined variable: kk_list', 'E:\\xampp\\htdocs\\sibas-rt\\app\\Views\\penentuan_bansos\\kriteria_bansos\\index.php', 31, [])
 2 SYSTEMPATH\View\View.php(213): include('E:\\xampp\\htdocs\\sibas-rt\\app\\Views\\penentuan_bansos\\kriteria_bansos\\index.php')
 3 SYSTEMPATH\View\View.php(216): CodeIgniter\View\View->CodeIgniter\View\{closure}()
 4 SYSTEMPATH\Common.php(1184): CodeIgniter\View\View->render('penentuan_bansos/kriteria_bansos/index', [], true)
 5 APPPATH\Controllers\KriteriaBansosController.php(19): view('penentuan_bansos/kriteria_bansos/index')
 6 SYSTEMPATH\CodeIgniter.php(934): App\Controllers\KriteriaBansosController->index()
 7 SYSTEMPATH\CodeIgniter.php(499): CodeIgniter\CodeIgniter->runController(Object(App\Controllers\KriteriaBansosController))
 8 SYSTEMPATH\CodeIgniter.php(368): CodeIgniter\CodeIgniter->handleRequest(null, Object(Config\Cache), false)
 9 FCPATH\index.php(67): CodeIgniter\CodeIgniter->run()
CRITICAL - 2023-08-05 10:22:11 --> Undefined variable: kk_list
in APPPATH\Views\penentuan_bansos\kriteria_bansos\index.php on line 31.
 1 APPPATH\Views\penentuan_bansos\kriteria_bansos\index.php(31): CodeIgniter\Debug\Exceptions->errorHandler(8, 'Undefined variable: kk_list', 'E:\\xampp\\htdocs\\sibas-rt\\app\\Views\\penentuan_bansos\\kriteria_bansos\\index.php', 31, [])
 2 SYSTEMPATH\View\View.php(213): include('E:\\xampp\\htdocs\\sibas-rt\\app\\Views\\penentuan_bansos\\kriteria_bansos\\index.php')
 3 SYSTEMPATH\View\View.php(216): CodeIgniter\View\View->CodeIgniter\View\{closure}()
 4 SYSTEMPATH\Common.php(1184): CodeIgniter\View\View->render('penentuan_bansos/kriteria_bansos/index', [], true)
 5 APPPATH\Controllers\KriteriaBansosController.php(19): view('penentuan_bansos/kriteria_bansos/index')
 6 SYSTEMPATH\CodeIgniter.php(934): App\Controllers\KriteriaBansosController->index()
 7 SYSTEMPATH\CodeIgniter.php(499): CodeIgniter\CodeIgniter->runController(Object(App\Controllers\KriteriaBansosController))
 8 SYSTEMPATH\CodeIgniter.php(368): CodeIgniter\CodeIgniter->handleRequest(null, Object(Config\Cache), false)
 9 FCPATH\index.php(67): CodeIgniter\CodeIgniter->run()
CRITICAL - 2023-08-05 10:22:51 --> Undefined variable: kk_list
in APPPATH\Views\penentuan_bansos\kriteria_bansos\index.php on line 31.
 1 APPPATH\Views\penentuan_bansos\kriteria_bansos\index.php(31): CodeIgniter\Debug\Exceptions->errorHandler(8, 'Undefined variable: kk_list', 'E:\\xampp\\htdocs\\sibas-rt\\app\\Views\\penentuan_bansos\\kriteria_bansos\\index.php', 31, [])
 2 SYSTEMPATH\View\View.php(213): include('E:\\xampp\\htdocs\\sibas-rt\\app\\Views\\penentuan_bansos\\kriteria_bansos\\index.php')
 3 SYSTEMPATH\View\View.php(216): CodeIgniter\View\View->CodeIgniter\View\{closure}()
 4 SYSTEMPATH\Common.php(1184): CodeIgniter\View\View->render('penentuan_bansos/kriteria_bansos/index', [], true)
 5 APPPATH\Controllers\KriteriaBansosController.php(19): view('penentuan_bansos/kriteria_bansos/index')
 6 SYSTEMPATH\CodeIgniter.php(934): App\Controllers\KriteriaBansosController->index()
 7 SYSTEMPATH\CodeIgniter.php(499): CodeIgniter\CodeIgniter->runController(Object(App\Controllers\KriteriaBansosController))
 8 SYSTEMPATH\CodeIgniter.php(368): CodeIgniter\CodeIgniter->handleRequest(null, Object(Config\Cache), false)
 9 FCPATH\index.php(67): CodeIgniter\CodeIgniter->run()
CRITICAL - 2023-08-05 19:06:58 --> Undefined variable: no_kk
in APPPATH\Controllers\DataKartuKeluargaController.php on line 141.
 1 APPPATH\Controllers\DataKartuKeluargaController.php(141): CodeIgniter\Debug\Exceptions->errorHandler(8, 'Undefined variable: no_kk', 'E:\\xampp\\htdocs\\sibas-rt\\app\\Controllers\\DataKartuKeluargaController.php', 141, [...])
 2 SYSTEMPATH\CodeIgniter.php(934): App\Controllers\DataKartuKeluargaController->submit_edit()
 3 SYSTEMPATH\CodeIgniter.php(499): CodeIgniter\CodeIgniter->runController(Object(App\Controllers\DataKartuKeluargaController))
 4 SYSTEMPATH\CodeIgniter.php(368): CodeIgniter\CodeIgniter->handleRequest(null, Object(Config\Cache), false)
 5 FCPATH\index.php(67): CodeIgniter\CodeIgniter->run()
CRITICAL - 2023-08-05 19:08:12 --> Undefined variable: no_kk
in APPPATH\Controllers\DataKartuKeluargaController.php on line 126.
 1 APPPATH\Controllers\DataKartuKeluargaController.php(126): CodeIgniter\Debug\Exceptions->errorHandler(8, 'Undefined variable: no_kk', 'E:\\xampp\\htdocs\\sibas-rt\\app\\Controllers\\DataKartuKeluargaController.php', 126, [...])
 2 SYSTEMPATH\CodeIgniter.php(934): App\Controllers\DataKartuKeluargaController->submit_edit()
 3 SYSTEMPATH\CodeIgniter.php(499): CodeIgniter\CodeIgniter->runController(Object(App\Controllers\DataKartuKeluargaController))
 4 SYSTEMPATH\CodeIgniter.php(368): CodeIgniter\CodeIgniter->handleRequest(null, Object(Config\Cache), false)
 5 FCPATH\index.php(67): CodeIgniter\CodeIgniter->run()
