ERROR - 2023-07-08 19:05:51 --> mysqli_sql_exception: Column 'id_kk' cannot be null in E:\xampp\htdocs\sibas-rt\system\Database\MySQLi\Connection.php:295
Stack trace:
#0 E:\xampp\htdocs\sibas-rt\system\Database\MySQLi\Connection.php(295): mysqli->query('INSERT INTO `pe...', 0)
#1 E:\xampp\htdocs\sibas-rt\system\Database\BaseConnection.php(691): CodeIgniter\Database\MySQLi\Connection->execute('INSERT INTO `pe...')
#2 E:\xampp\htdocs\sibas-rt\system\Database\BaseConnection.php(605): CodeIgniter\Database\BaseConnection->simpleQuery('INSERT INTO `pe...')
#3 E:\xampp\htdocs\sibas-rt\system\Database\BaseBuilder.php(2309): CodeIgniter\Database\BaseConnection->query('INSERT INTO `pe...', Array, false)
#4 E:\xampp\htdocs\sibas-rt\system\Model.php(330): CodeIgniter\Database\BaseBuilder->insert()
#5 E:\xampp\htdocs\sibas-rt\system\BaseModel.php(782): CodeIgniter\Model->doInsert(Array)
#6 E:\xampp\htdocs\sibas-rt\system\Model.php(730): CodeIgniter\BaseModel->insert(Array, false)
#7 E:\xampp\htdocs\sibas-rt\app\Controllers\DataPendudukController.php(69): CodeIgniter\Model->insert(Array, false)
#8 E:\xampp\htdocs\sibas-rt\system\CodeIgniter.php(934): App\Controllers\DataPendudukController->submit_tambah()
#9 E:\xampp\htdocs\sibas-rt\system\CodeIgniter.php(499): CodeIgniter\CodeIgniter->runController(Object(App\Controllers\DataPendudukController))
#10 E:\xampp\htdocs\sibas-rt\system\CodeIgniter.php(368): CodeIgniter\CodeIgniter->handleRequest(NULL, Object(Config\Cache), false)
#11 E:\xampp\htdocs\sibas-rt\index.php(67): CodeIgniter\CodeIgniter->run()
#12 {main}
CRITICAL - 2023-07-08 19:05:51 --> Column 'id_kk' cannot be null
in SYSTEMPATH\Database\MySQLi\Connection.php on line 295.
 1 SYSTEMPATH\Database\MySQLi\Connection.php(295): mysqli->query('INSERT INTO `penduduk` (`id_kk`, `nik`, `nama`, `jenis_kelamin`, `tempat_lahir`, `tanggal_lahir`) VALUES (NULL, \'3201345678987654\', \'Raja\', \'L\', \'Bogor\', \'2023-07-09\')', 0)
 2 SYSTEMPATH\Database\BaseConnection.php(691): CodeIgniter\Database\MySQLi\Connection->execute('INSERT INTO `penduduk` (`id_kk`, `nik`, `nama`, `jenis_kelamin`, `tempat_lahir`, `tanggal_lahir`) VALUES (NULL, \'3201345678987654\', \'Raja\', \'L\', \'Bogor\', \'2023-07-09\')')
 3 SYSTEMPATH\Database\BaseConnection.php(605): CodeIgniter\Database\BaseConnection->simpleQuery('INSERT INTO `penduduk` (`id_kk`, `nik`, `nama`, `jenis_kelamin`, `tempat_lahir`, `tanggal_lahir`) VALUES (NULL, \'3201345678987654\', \'Raja\', \'L\', \'Bogor\', \'2023-07-09\')')
 4 SYSTEMPATH\Database\BaseBuilder.php(2309): CodeIgniter\Database\BaseConnection->query('INSERT INTO `penduduk` (`id_kk`, `nik`, `nama`, `jenis_kelamin`, `tempat_lahir`, `tanggal_lahir`) VALUES (:id_kk:, :nik:, :nama:, :jenis_kelamin:, :tempat_lahir:, :tanggal_lahir:)', [...], false)
 5 SYSTEMPATH\Model.php(330): CodeIgniter\Database\BaseBuilder->insert()
 6 SYSTEMPATH\BaseModel.php(782): CodeIgniter\Model->doInsert([...])
 7 SYSTEMPATH\Model.php(730): CodeIgniter\BaseModel->insert([...], false)
 8 APPPATH\Controllers\DataPendudukController.php(69): CodeIgniter\Model->insert([...], false)
 9 SYSTEMPATH\CodeIgniter.php(934): App\Controllers\DataPendudukController->submit_tambah()
10 SYSTEMPATH\CodeIgniter.php(499): CodeIgniter\CodeIgniter->runController(Object(App\Controllers\DataPendudukController))
11 SYSTEMPATH\CodeIgniter.php(368): CodeIgniter\CodeIgniter->handleRequest(null, Object(Config\Cache), false)
12 FCPATH\index.php(67): CodeIgniter\CodeIgniter->run()
CRITICAL - 2023-07-08 19:31:50 --> Call to undefined method CodeIgniter\Database\MySQLi\Connection::select()
in APPPATH\Controllers\DataPendudukController.php on line 14.
 1 SYSTEMPATH\CodeIgniter.php(934): App\Controllers\DataPendudukController->index()
 2 SYSTEMPATH\CodeIgniter.php(499): CodeIgniter\CodeIgniter->runController(Object(App\Controllers\DataPendudukController))
 3 SYSTEMPATH\CodeIgniter.php(368): CodeIgniter\CodeIgniter->handleRequest(null, Object(Config\Cache), false)
 4 FCPATH\index.php(67): CodeIgniter\CodeIgniter->run()
ERROR - 2023-07-08 19:32:56 --> mysqli_sql_exception: Not unique table/alias: 'penduduk' in E:\xampp\htdocs\sibas-rt\system\Database\MySQLi\Connection.php:295
Stack trace:
#0 E:\xampp\htdocs\sibas-rt\system\Database\MySQLi\Connection.php(295): mysqli->query('SELECT *\nFROM (...', 0)
#1 E:\xampp\htdocs\sibas-rt\system\Database\BaseConnection.php(691): CodeIgniter\Database\MySQLi\Connection->execute('SELECT *\nFROM (...')
#2 E:\xampp\htdocs\sibas-rt\system\Database\BaseConnection.php(605): CodeIgniter\Database\BaseConnection->simpleQuery('SELECT *\nFROM (...')
#3 E:\xampp\htdocs\sibas-rt\system\Database\BaseBuilder.php(1616): CodeIgniter\Database\BaseConnection->query('SELECT *\nFROM (...', Array, false)
#4 E:\xampp\htdocs\sibas-rt\app\Controllers\DataPendudukController.php(17): CodeIgniter\Database\BaseBuilder->get()
#5 E:\xampp\htdocs\sibas-rt\system\CodeIgniter.php(934): App\Controllers\DataPendudukController->index()
#6 E:\xampp\htdocs\sibas-rt\system\CodeIgniter.php(499): CodeIgniter\CodeIgniter->runController(Object(App\Controllers\DataPendudukController))
#7 E:\xampp\htdocs\sibas-rt\system\CodeIgniter.php(368): CodeIgniter\CodeIgniter->handleRequest(NULL, Object(Config\Cache), false)
#8 E:\xampp\htdocs\sibas-rt\index.php(67): CodeIgniter\CodeIgniter->run()
#9 {main}
CRITICAL - 2023-07-08 19:32:56 --> Not unique table/alias: 'penduduk'
in SYSTEMPATH\Database\MySQLi\Connection.php on line 295.
 1 SYSTEMPATH\Database\MySQLi\Connection.php(295): mysqli->query('SELECT *
FROM (`penduduk`, `penduduk`)
JOIN `kartu_keluarga` ON `kartu_keluarga`.`id` = `penduduk`.`id_kk`', 0)
 2 SYSTEMPATH\Database\BaseConnection.php(691): CodeIgniter\Database\MySQLi\Connection->execute('SELECT *
FROM (`penduduk`, `penduduk`)
JOIN `kartu_keluarga` ON `kartu_keluarga`.`id` = `penduduk`.`id_kk`')
 3 SYSTEMPATH\Database\BaseConnection.php(605): CodeIgniter\Database\BaseConnection->simpleQuery('SELECT *
FROM (`penduduk`, `penduduk`)
JOIN `kartu_keluarga` ON `kartu_keluarga`.`id` = `penduduk`.`id_kk`')
 4 SYSTEMPATH\Database\BaseBuilder.php(1616): CodeIgniter\Database\BaseConnection->query('SELECT *
FROM (`penduduk`, `penduduk`)
JOIN `kartu_keluarga` ON `kartu_keluarga`.`id` = `penduduk`.`id_kk`', [], false)
 5 APPPATH\Controllers\DataPendudukController.php(17): CodeIgniter\Database\BaseBuilder->get()
 6 SYSTEMPATH\CodeIgniter.php(934): App\Controllers\DataPendudukController->index()
 7 SYSTEMPATH\CodeIgniter.php(499): CodeIgniter\CodeIgniter->runController(Object(App\Controllers\DataPendudukController))
 8 SYSTEMPATH\CodeIgniter.php(368): CodeIgniter\CodeIgniter->handleRequest(null, Object(Config\Cache), false)
 9 FCPATH\index.php(67): CodeIgniter\CodeIgniter->run()
CRITICAL - 2023-07-08 19:49:24 --> syntax error, unexpected '$result' (T_VARIABLE)
in APPPATH\Controllers\DataPendudukController.php on line 16.
 1 SYSTEMPATH\Autoloader\Autoloader.php(289): CodeIgniter\Autoloader\Autoloader->includeFile('E:\\xampp\\htdocs\\sibas-rt\\app\\Controllers\\DataPendudukController.php')
 2 SYSTEMPATH\Autoloader\Autoloader.php(267): CodeIgniter\Autoloader\Autoloader->loadInNamespace('App\\Controllers\\DataPendudukController')
 3 [internal function]: CodeIgniter\Autoloader\Autoloader->loadClass('App\\Controllers\\DataPendudukController')
 4 [internal function]: spl_autoload_call('App\\Controllers\\DataPendudukController')
 5 SYSTEMPATH\CodeIgniter.php(892): class_exists('\\App\\Controllers\\DataPendudukController', true)
 6 SYSTEMPATH\CodeIgniter.php(486): CodeIgniter\CodeIgniter->startController()
 7 SYSTEMPATH\CodeIgniter.php(368): CodeIgniter\CodeIgniter->handleRequest(null, Object(Config\Cache), false)
 8 FCPATH\index.php(67): CodeIgniter\CodeIgniter->run()
CRITICAL - 2023-07-08 19:51:52 --> Cannot use object of type CodeIgniter\Database\MySQLi\Result as array
in APPPATH\Controllers\DataPendudukController.php on line 20.
 1 SYSTEMPATH\CodeIgniter.php(934): App\Controllers\DataPendudukController->index()
 2 SYSTEMPATH\CodeIgniter.php(499): CodeIgniter\CodeIgniter->runController(Object(App\Controllers\DataPendudukController))
 3 SYSTEMPATH\CodeIgniter.php(368): CodeIgniter\CodeIgniter->handleRequest(null, Object(Config\Cache), false)
 4 FCPATH\index.php(67): CodeIgniter\CodeIgniter->run()
CRITICAL - 2023-07-08 20:01:13 --> Cannot use object of type stdClass as array
in APPPATH\Views\master_data\data_penduduk\index.php on line 62.
 1 SYSTEMPATH\View\View.php(213): include()
 2 SYSTEMPATH\View\View.php(216): CodeIgniter\View\View->CodeIgniter\View\{closure}()
 3 SYSTEMPATH\Common.php(1184): CodeIgniter\View\View->render('master_data/data_penduduk/index', [], true)
 4 APPPATH\Controllers\DataPendudukController.php(23): view('master_data/data_penduduk/index', [...])
 5 SYSTEMPATH\CodeIgniter.php(934): App\Controllers\DataPendudukController->index()
 6 SYSTEMPATH\CodeIgniter.php(499): CodeIgniter\CodeIgniter->runController(Object(App\Controllers\DataPendudukController))
 7 SYSTEMPATH\CodeIgniter.php(368): CodeIgniter\CodeIgniter->handleRequest(null, Object(Config\Cache), false)
 8 FCPATH\index.php(67): CodeIgniter\CodeIgniter->run()
