CRITICAL - 2023-06-24 13:31:48 --> Class "App\Models\DvdModel" not found
in APPPATH\Controllers\DataPendudukController.php on line 10.
 1 SYSTEMPATH\CodeIgniter.php(934): App\Controllers\DataPendudukController->index()
 2 SYSTEMPATH\CodeIgniter.php(499): CodeIgniter\CodeIgniter->runController(Object(App\Controllers\DataPendudukController))
 3 SYSTEMPATH\CodeIgniter.php(368): CodeIgniter\CodeIgniter->handleRequest(null, Object(Config\Cache), false)
 4 FCPATH\index.php(67): CodeIgniter\CodeIgniter->run()
CRITICAL - 2023-06-24 13:32:42 --> Class "App\Models\DvdModel" not found
in APPPATH\Controllers\DataPendudukController.php on line 10.
 1 SYSTEMPATH\CodeIgniter.php(934): App\Controllers\DataPendudukController->index()
 2 SYSTEMPATH\CodeIgniter.php(499): CodeIgniter\CodeIgniter->runController(Object(App\Controllers\DataPendudukController))
 3 SYSTEMPATH\CodeIgniter.php(368): CodeIgniter\CodeIgniter->handleRequest(null, Object(Config\Cache), false)
 4 FCPATH\index.php(67): CodeIgniter\CodeIgniter->run()
CRITICAL - 2023-06-24 13:32:46 --> Class "App\Models\DvdModel" not found
in APPPATH\Controllers\DataPendudukController.php on line 10.
 1 SYSTEMPATH\CodeIgniter.php(934): App\Controllers\DataPendudukController->index()
 2 SYSTEMPATH\CodeIgniter.php(499): CodeIgniter\CodeIgniter->runController(Object(App\Controllers\DataPendudukController))
 3 SYSTEMPATH\CodeIgniter.php(368): CodeIgniter\CodeIgniter->handleRequest(null, Object(Config\Cache), false)
 4 FCPATH\index.php(67): CodeIgniter\CodeIgniter->run()
CRITICAL - 2023-06-24 13:40:07 --> Undefined variable $pembeli_list
in APPPATH\Views\data_penduduk\index.php on line 46.
 1 APPPATH\Views\data_penduduk\index.php(46): CodeIgniter\Debug\Exceptions->errorHandler(2, 'Undefined variable $pembeli_list', 'D:\\xampp\\htdocs\\si-rt\\app\\Views\\data_penduduk\\index.php', 46)
 2 SYSTEMPATH\View\View.php(213): include('D:\\xampp\\htdocs\\si-rt\\app\\Views\\data_penduduk\\index.php')
 3 SYSTEMPATH\View\View.php(216): CodeIgniter\View\View->CodeIgniter\View\{closure}()
 4 SYSTEMPATH\Common.php(1184): CodeIgniter\View\View->render('data_penduduk/index', [], true)
 5 APPPATH\Controllers\DataPendudukController.php(19): view('data_penduduk/index', [...])
 6 SYSTEMPATH\CodeIgniter.php(934): App\Controllers\DataPendudukController->index()
 7 SYSTEMPATH\CodeIgniter.php(499): CodeIgniter\CodeIgniter->runController(Object(App\Controllers\DataPendudukController))
 8 SYSTEMPATH\CodeIgniter.php(368): CodeIgniter\CodeIgniter->handleRequest(null, Object(Config\Cache), false)
 9 FCPATH\index.php(67): CodeIgniter\CodeIgniter->run()
CRITICAL - 2023-06-24 13:40:50 --> Undefined array key "id"
in APPPATH\Views\data_penduduk\index.php on line 55.
 1 APPPATH\Views\data_penduduk\index.php(55): CodeIgniter\Debug\Exceptions->errorHandler(2, 'Undefined array key "id"', 'D:\\xampp\\htdocs\\si-rt\\app\\Views\\data_penduduk\\index.php', 55)
 2 SYSTEMPATH\View\View.php(213): include('D:\\xampp\\htdocs\\si-rt\\app\\Views\\data_penduduk\\index.php')
 3 SYSTEMPATH\View\View.php(216): CodeIgniter\View\View->CodeIgniter\View\{closure}()
 4 SYSTEMPATH\Common.php(1184): CodeIgniter\View\View->render('data_penduduk/index', [], true)
 5 APPPATH\Controllers\DataPendudukController.php(19): view('data_penduduk/index', [...])
 6 SYSTEMPATH\CodeIgniter.php(934): App\Controllers\DataPendudukController->index()
 7 SYSTEMPATH\CodeIgniter.php(499): CodeIgniter\CodeIgniter->runController(Object(App\Controllers\DataPendudukController))
 8 SYSTEMPATH\CodeIgniter.php(368): CodeIgniter\CodeIgniter->handleRequest(null, Object(Config\Cache), false)
 9 FCPATH\index.php(67): CodeIgniter\CodeIgniter->run()
CRITICAL - 2023-06-24 13:55:16 --> Invalid file: "penduduk/add.php"
in SYSTEMPATH\Exceptions\FrameworkException.php on line 33.
 1 SYSTEMPATH\View\View.php(201): CodeIgniter\Exceptions\FrameworkException::forInvalidFile('penduduk/add.php')
 2 SYSTEMPATH\Common.php(1184): CodeIgniter\View\View->render('penduduk/add', [], true)
 3 APPPATH\Controllers\DataPendudukController.php(22): view('penduduk/add')
 4 SYSTEMPATH\CodeIgniter.php(934): App\Controllers\DataPendudukController->tambah()
 5 SYSTEMPATH\CodeIgniter.php(499): CodeIgniter\CodeIgniter->runController(Object(App\Controllers\DataPendudukController))
 6 SYSTEMPATH\CodeIgniter.php(368): CodeIgniter\CodeIgniter->handleRequest(null, Object(Config\Cache), false)
 7 FCPATH\index.php(67): CodeIgniter\CodeIgniter->run()
CRITICAL - 2023-06-24 15:31:20 --> Undefined variable $nama
in APPPATH\Controllers\DataPendudukController.php on line 34.
 1 APPPATH\Controllers\DataPendudukController.php(34): CodeIgniter\Debug\Exceptions->errorHandler(2, 'Undefined variable $nama', 'D:\\xampp\\htdocs\\si-rt\\app\\Controllers\\DataPendudukController.php', 34)
 2 SYSTEMPATH\CodeIgniter.php(934): App\Controllers\DataPendudukController->submit_tambah()
 3 SYSTEMPATH\CodeIgniter.php(499): CodeIgniter\CodeIgniter->runController(Object(App\Controllers\DataPendudukController))
 4 SYSTEMPATH\CodeIgniter.php(368): CodeIgniter\CodeIgniter->handleRequest(null, Object(Config\Cache), false)
 5 FCPATH\index.php(67): CodeIgniter\CodeIgniter->run()
CRITICAL - 2023-06-24 15:32:12 --> Undefined variable $tahun
in APPPATH\Controllers\DataPendudukController.php on line 35.
 1 APPPATH\Controllers\DataPendudukController.php(35): CodeIgniter\Debug\Exceptions->errorHandler(2, 'Undefined variable $tahun', 'D:\\xampp\\htdocs\\si-rt\\app\\Controllers\\DataPendudukController.php', 35)
 2 SYSTEMPATH\CodeIgniter.php(934): App\Controllers\DataPendudukController->submit_tambah()
 3 SYSTEMPATH\CodeIgniter.php(499): CodeIgniter\CodeIgniter->runController(Object(App\Controllers\DataPendudukController))
 4 SYSTEMPATH\CodeIgniter.php(368): CodeIgniter\CodeIgniter->handleRequest(null, Object(Config\Cache), false)
 5 FCPATH\index.php(67): CodeIgniter\CodeIgniter->run()
ERROR - 2023-06-24 15:32:45 --> mysqli_sql_exception: Column 'jenis_kelamin' cannot be null in D:\xampp\htdocs\si-rt\system\Database\MySQLi\Connection.php:295
Stack trace:
#0 D:\xampp\htdocs\si-rt\system\Database\MySQLi\Connection.php(295): mysqli->query('INSERT INTO `pe...', 0)
#1 D:\xampp\htdocs\si-rt\system\Database\BaseConnection.php(691): CodeIgniter\Database\MySQLi\Connection->execute('INSERT INTO `pe...')
#2 D:\xampp\htdocs\si-rt\system\Database\BaseConnection.php(605): CodeIgniter\Database\BaseConnection->simpleQuery('INSERT INTO `pe...')
#3 D:\xampp\htdocs\si-rt\system\Database\BaseBuilder.php(2309): CodeIgniter\Database\BaseConnection->query('INSERT INTO `pe...', Array, false)
#4 D:\xampp\htdocs\si-rt\system\Model.php(330): CodeIgniter\Database\BaseBuilder->insert()
#5 D:\xampp\htdocs\si-rt\system\BaseModel.php(782): CodeIgniter\Model->doInsert(Array)
#6 D:\xampp\htdocs\si-rt\system\Model.php(730): CodeIgniter\BaseModel->insert(Array, false)
#7 D:\xampp\htdocs\si-rt\app\Controllers\DataPendudukController.php(44): CodeIgniter\Model->insert(Array, false)
#8 D:\xampp\htdocs\si-rt\system\CodeIgniter.php(934): App\Controllers\DataPendudukController->submit_tambah()
#9 D:\xampp\htdocs\si-rt\system\CodeIgniter.php(499): CodeIgniter\CodeIgniter->runController(Object(App\Controllers\DataPendudukController))
#10 D:\xampp\htdocs\si-rt\system\CodeIgniter.php(368): CodeIgniter\CodeIgniter->handleRequest(NULL, Object(Config\Cache), false)
#11 D:\xampp\htdocs\si-rt\index.php(67): CodeIgniter\CodeIgniter->run()
#12 {main}
CRITICAL - 2023-06-24 15:32:45 --> Column 'jenis_kelamin' cannot be null
in SYSTEMPATH\Database\MySQLi\Connection.php on line 295.
 1 SYSTEMPATH\Database\MySQLi\Connection.php(295): mysqli->query('INSERT INTO `penduduk` (`nik`, `nama`, `jenis_kelamin`, `tempat_lahir`, `tanggal_lahir`) VALUES (\'2384923842398472983\', \'Raja MKA\', NULL, NULL, NULL)', 0)
 2 SYSTEMPATH\Database\BaseConnection.php(691): CodeIgniter\Database\MySQLi\Connection->execute('INSERT INTO `penduduk` (`nik`, `nama`, `jenis_kelamin`, `tempat_lahir`, `tanggal_lahir`) VALUES (\'2384923842398472983\', \'Raja MKA\', NULL, NULL, NULL)')
 3 SYSTEMPATH\Database\BaseConnection.php(605): CodeIgniter\Database\BaseConnection->simpleQuery('INSERT INTO `penduduk` (`nik`, `nama`, `jenis_kelamin`, `tempat_lahir`, `tanggal_lahir`) VALUES (\'2384923842398472983\', \'Raja MKA\', NULL, NULL, NULL)')
 4 SYSTEMPATH\Database\BaseBuilder.php(2309): CodeIgniter\Database\BaseConnection->query('INSERT INTO `penduduk` (`nik`, `nama`, `jenis_kelamin`, `tempat_lahir`, `tanggal_lahir`) VALUES (:nik:, :nama:, :jenis_kelamin:, :tempat_lahir:, :tanggal_lahir:)', [...], false)
 5 SYSTEMPATH\Model.php(330): CodeIgniter\Database\BaseBuilder->insert()
 6 SYSTEMPATH\BaseModel.php(782): CodeIgniter\Model->doInsert([...])
 7 SYSTEMPATH\Model.php(730): CodeIgniter\BaseModel->insert([...], false)
 8 APPPATH\Controllers\DataPendudukController.php(44): CodeIgniter\Model->insert([...], false)
 9 SYSTEMPATH\CodeIgniter.php(934): App\Controllers\DataPendudukController->submit_tambah()
10 SYSTEMPATH\CodeIgniter.php(499): CodeIgniter\CodeIgniter->runController(Object(App\Controllers\DataPendudukController))
11 SYSTEMPATH\CodeIgniter.php(368): CodeIgniter\CodeIgniter->handleRequest(null, Object(Config\Cache), false)
12 FCPATH\index.php(67): CodeIgniter\CodeIgniter->run()
ERROR - 2023-06-24 15:33:55 --> mysqli_sql_exception: Column 'jenis_kelamin' cannot be null in D:\xampp\htdocs\si-rt\system\Database\MySQLi\Connection.php:295
Stack trace:
#0 D:\xampp\htdocs\si-rt\system\Database\MySQLi\Connection.php(295): mysqli->query('INSERT INTO `pe...', 0)
#1 D:\xampp\htdocs\si-rt\system\Database\BaseConnection.php(691): CodeIgniter\Database\MySQLi\Connection->execute('INSERT INTO `pe...')
#2 D:\xampp\htdocs\si-rt\system\Database\BaseConnection.php(605): CodeIgniter\Database\BaseConnection->simpleQuery('INSERT INTO `pe...')
#3 D:\xampp\htdocs\si-rt\system\Database\BaseBuilder.php(2309): CodeIgniter\Database\BaseConnection->query('INSERT INTO `pe...', Array, false)
#4 D:\xampp\htdocs\si-rt\system\Model.php(330): CodeIgniter\Database\BaseBuilder->insert()
#5 D:\xampp\htdocs\si-rt\system\BaseModel.php(782): CodeIgniter\Model->doInsert(Array)
#6 D:\xampp\htdocs\si-rt\system\Model.php(730): CodeIgniter\BaseModel->insert(Array, false)
#7 D:\xampp\htdocs\si-rt\app\Controllers\DataPendudukController.php(44): CodeIgniter\Model->insert(Array, false)
#8 D:\xampp\htdocs\si-rt\system\CodeIgniter.php(934): App\Controllers\DataPendudukController->submit_tambah()
#9 D:\xampp\htdocs\si-rt\system\CodeIgniter.php(499): CodeIgniter\CodeIgniter->runController(Object(App\Controllers\DataPendudukController))
#10 D:\xampp\htdocs\si-rt\system\CodeIgniter.php(368): CodeIgniter\CodeIgniter->handleRequest(NULL, Object(Config\Cache), false)
#11 D:\xampp\htdocs\si-rt\index.php(67): CodeIgniter\CodeIgniter->run()
#12 {main}
CRITICAL - 2023-06-24 15:33:55 --> Column 'jenis_kelamin' cannot be null
in SYSTEMPATH\Database\MySQLi\Connection.php on line 295.
 1 SYSTEMPATH\Database\MySQLi\Connection.php(295): mysqli->query('INSERT INTO `penduduk` (`nik`, `nama`, `jenis_kelamin`, `tempat_lahir`, `tanggal_lahir`) VALUES (\'2384923842398472983\', \'Raja MKA\', NULL, NULL, NULL)', 0)
 2 SYSTEMPATH\Database\BaseConnection.php(691): CodeIgniter\Database\MySQLi\Connection->execute('INSERT INTO `penduduk` (`nik`, `nama`, `jenis_kelamin`, `tempat_lahir`, `tanggal_lahir`) VALUES (\'2384923842398472983\', \'Raja MKA\', NULL, NULL, NULL)')
 3 SYSTEMPATH\Database\BaseConnection.php(605): CodeIgniter\Database\BaseConnection->simpleQuery('INSERT INTO `penduduk` (`nik`, `nama`, `jenis_kelamin`, `tempat_lahir`, `tanggal_lahir`) VALUES (\'2384923842398472983\', \'Raja MKA\', NULL, NULL, NULL)')
 4 SYSTEMPATH\Database\BaseBuilder.php(2309): CodeIgniter\Database\BaseConnection->query('INSERT INTO `penduduk` (`nik`, `nama`, `jenis_kelamin`, `tempat_lahir`, `tanggal_lahir`) VALUES (:nik:, :nama:, :jenis_kelamin:, :tempat_lahir:, :tanggal_lahir:)', [...], false)
 5 SYSTEMPATH\Model.php(330): CodeIgniter\Database\BaseBuilder->insert()
 6 SYSTEMPATH\BaseModel.php(782): CodeIgniter\Model->doInsert([...])
 7 SYSTEMPATH\Model.php(730): CodeIgniter\BaseModel->insert([...], false)
 8 APPPATH\Controllers\DataPendudukController.php(44): CodeIgniter\Model->insert([...], false)
 9 SYSTEMPATH\CodeIgniter.php(934): App\Controllers\DataPendudukController->submit_tambah()
10 SYSTEMPATH\CodeIgniter.php(499): CodeIgniter\CodeIgniter->runController(Object(App\Controllers\DataPendudukController))
11 SYSTEMPATH\CodeIgniter.php(368): CodeIgniter\CodeIgniter->handleRequest(null, Object(Config\Cache), false)
12 FCPATH\index.php(67): CodeIgniter\CodeIgniter->run()
ERROR - 2023-06-24 15:34:53 --> mysqli_sql_exception: Column 'jenis_kelamin' cannot be null in D:\xampp\htdocs\si-rt\system\Database\MySQLi\Connection.php:295
Stack trace:
#0 D:\xampp\htdocs\si-rt\system\Database\MySQLi\Connection.php(295): mysqli->query('INSERT INTO `pe...', 0)
#1 D:\xampp\htdocs\si-rt\system\Database\BaseConnection.php(691): CodeIgniter\Database\MySQLi\Connection->execute('INSERT INTO `pe...')
#2 D:\xampp\htdocs\si-rt\system\Database\BaseConnection.php(605): CodeIgniter\Database\BaseConnection->simpleQuery('INSERT INTO `pe...')
#3 D:\xampp\htdocs\si-rt\system\Database\BaseBuilder.php(2309): CodeIgniter\Database\BaseConnection->query('INSERT INTO `pe...', Array, false)
#4 D:\xampp\htdocs\si-rt\system\Model.php(330): CodeIgniter\Database\BaseBuilder->insert()
#5 D:\xampp\htdocs\si-rt\system\BaseModel.php(782): CodeIgniter\Model->doInsert(Array)
#6 D:\xampp\htdocs\si-rt\system\Model.php(730): CodeIgniter\BaseModel->insert(Array, false)
#7 D:\xampp\htdocs\si-rt\app\Controllers\DataPendudukController.php(44): CodeIgniter\Model->insert(Array, false)
#8 D:\xampp\htdocs\si-rt\system\CodeIgniter.php(934): App\Controllers\DataPendudukController->submit_tambah()
#9 D:\xampp\htdocs\si-rt\system\CodeIgniter.php(499): CodeIgniter\CodeIgniter->runController(Object(App\Controllers\DataPendudukController))
#10 D:\xampp\htdocs\si-rt\system\CodeIgniter.php(368): CodeIgniter\CodeIgniter->handleRequest(NULL, Object(Config\Cache), false)
#11 D:\xampp\htdocs\si-rt\index.php(67): CodeIgniter\CodeIgniter->run()
#12 {main}
CRITICAL - 2023-06-24 15:34:53 --> Column 'jenis_kelamin' cannot be null
in SYSTEMPATH\Database\MySQLi\Connection.php on line 295.
 1 SYSTEMPATH\Database\MySQLi\Connection.php(295): mysqli->query('INSERT INTO `penduduk` (`nik`, `nama`, `jenis_kelamin`, `tempat_lahir`, `tanggal_lahir`) VALUES (\'2384923842398472983\', \'Raja MKA\', NULL, NULL, NULL)', 0)
 2 SYSTEMPATH\Database\BaseConnection.php(691): CodeIgniter\Database\MySQLi\Connection->execute('INSERT INTO `penduduk` (`nik`, `nama`, `jenis_kelamin`, `tempat_lahir`, `tanggal_lahir`) VALUES (\'2384923842398472983\', \'Raja MKA\', NULL, NULL, NULL)')
 3 SYSTEMPATH\Database\BaseConnection.php(605): CodeIgniter\Database\BaseConnection->simpleQuery('INSERT INTO `penduduk` (`nik`, `nama`, `jenis_kelamin`, `tempat_lahir`, `tanggal_lahir`) VALUES (\'2384923842398472983\', \'Raja MKA\', NULL, NULL, NULL)')
 4 SYSTEMPATH\Database\BaseBuilder.php(2309): CodeIgniter\Database\BaseConnection->query('INSERT INTO `penduduk` (`nik`, `nama`, `jenis_kelamin`, `tempat_lahir`, `tanggal_lahir`) VALUES (:nik:, :nama:, :jenis_kelamin:, :tempat_lahir:, :tanggal_lahir:)', [...], false)
 5 SYSTEMPATH\Model.php(330): CodeIgniter\Database\BaseBuilder->insert()
 6 SYSTEMPATH\BaseModel.php(782): CodeIgniter\Model->doInsert([...])
 7 SYSTEMPATH\Model.php(730): CodeIgniter\BaseModel->insert([...], false)
 8 APPPATH\Controllers\DataPendudukController.php(44): CodeIgniter\Model->insert([...], false)
 9 SYSTEMPATH\CodeIgniter.php(934): App\Controllers\DataPendudukController->submit_tambah()
10 SYSTEMPATH\CodeIgniter.php(499): CodeIgniter\CodeIgniter->runController(Object(App\Controllers\DataPendudukController))
11 SYSTEMPATH\CodeIgniter.php(368): CodeIgniter\CodeIgniter->handleRequest(null, Object(Config\Cache), false)
12 FCPATH\index.php(67): CodeIgniter\CodeIgniter->run()
ERROR - 2023-06-24 15:35:34 --> mysqli_sql_exception: Column 'jenis_kelamin' cannot be null in D:\xampp\htdocs\si-rt\system\Database\MySQLi\Connection.php:295
Stack trace:
#0 D:\xampp\htdocs\si-rt\system\Database\MySQLi\Connection.php(295): mysqli->query('INSERT INTO `pe...', 0)
#1 D:\xampp\htdocs\si-rt\system\Database\BaseConnection.php(691): CodeIgniter\Database\MySQLi\Connection->execute('INSERT INTO `pe...')
#2 D:\xampp\htdocs\si-rt\system\Database\BaseConnection.php(605): CodeIgniter\Database\BaseConnection->simpleQuery('INSERT INTO `pe...')
#3 D:\xampp\htdocs\si-rt\system\Database\BaseBuilder.php(2309): CodeIgniter\Database\BaseConnection->query('INSERT INTO `pe...', Array, false)
#4 D:\xampp\htdocs\si-rt\system\Model.php(330): CodeIgniter\Database\BaseBuilder->insert()
#5 D:\xampp\htdocs\si-rt\system\BaseModel.php(782): CodeIgniter\Model->doInsert(Array)
#6 D:\xampp\htdocs\si-rt\system\Model.php(730): CodeIgniter\BaseModel->insert(Array, false)
#7 D:\xampp\htdocs\si-rt\app\Controllers\DataPendudukController.php(44): CodeIgniter\Model->insert(Array, false)
#8 D:\xampp\htdocs\si-rt\system\CodeIgniter.php(934): App\Controllers\DataPendudukController->submit_tambah()
#9 D:\xampp\htdocs\si-rt\system\CodeIgniter.php(499): CodeIgniter\CodeIgniter->runController(Object(App\Controllers\DataPendudukController))
#10 D:\xampp\htdocs\si-rt\system\CodeIgniter.php(368): CodeIgniter\CodeIgniter->handleRequest(NULL, Object(Config\Cache), false)
#11 D:\xampp\htdocs\si-rt\index.php(67): CodeIgniter\CodeIgniter->run()
#12 {main}
CRITICAL - 2023-06-24 15:35:34 --> Column 'jenis_kelamin' cannot be null
in SYSTEMPATH\Database\MySQLi\Connection.php on line 295.
 1 SYSTEMPATH\Database\MySQLi\Connection.php(295): mysqli->query('INSERT INTO `penduduk` (`nik`, `nama`, `jenis_kelamin`, `tempat_lahir`, `tanggal_lahir`) VALUES (\'123129\', \'ASDFASDF\', NULL, NULL, NULL)', 0)
 2 SYSTEMPATH\Database\BaseConnection.php(691): CodeIgniter\Database\MySQLi\Connection->execute('INSERT INTO `penduduk` (`nik`, `nama`, `jenis_kelamin`, `tempat_lahir`, `tanggal_lahir`) VALUES (\'123129\', \'ASDFASDF\', NULL, NULL, NULL)')
 3 SYSTEMPATH\Database\BaseConnection.php(605): CodeIgniter\Database\BaseConnection->simpleQuery('INSERT INTO `penduduk` (`nik`, `nama`, `jenis_kelamin`, `tempat_lahir`, `tanggal_lahir`) VALUES (\'123129\', \'ASDFASDF\', NULL, NULL, NULL)')
 4 SYSTEMPATH\Database\BaseBuilder.php(2309): CodeIgniter\Database\BaseConnection->query('INSERT INTO `penduduk` (`nik`, `nama`, `jenis_kelamin`, `tempat_lahir`, `tanggal_lahir`) VALUES (:nik:, :nama:, :jenis_kelamin:, :tempat_lahir:, :tanggal_lahir:)', [...], false)
 5 SYSTEMPATH\Model.php(330): CodeIgniter\Database\BaseBuilder->insert()
 6 SYSTEMPATH\BaseModel.php(782): CodeIgniter\Model->doInsert([...])
 7 SYSTEMPATH\Model.php(730): CodeIgniter\BaseModel->insert([...], false)
 8 APPPATH\Controllers\DataPendudukController.php(44): CodeIgniter\Model->insert([...], false)
 9 SYSTEMPATH\CodeIgniter.php(934): App\Controllers\DataPendudukController->submit_tambah()
10 SYSTEMPATH\CodeIgniter.php(499): CodeIgniter\CodeIgniter->runController(Object(App\Controllers\DataPendudukController))
11 SYSTEMPATH\CodeIgniter.php(368): CodeIgniter\CodeIgniter->handleRequest(null, Object(Config\Cache), false)
12 FCPATH\index.php(67): CodeIgniter\CodeIgniter->run()
ERROR - 2023-06-24 15:39:18 --> mysqli_sql_exception: Column 'tempat_lahir' cannot be null in D:\xampp\htdocs\si-rt\system\Database\MySQLi\Connection.php:295
Stack trace:
#0 D:\xampp\htdocs\si-rt\system\Database\MySQLi\Connection.php(295): mysqli->query('INSERT INTO `pe...', 0)
#1 D:\xampp\htdocs\si-rt\system\Database\BaseConnection.php(691): CodeIgniter\Database\MySQLi\Connection->execute('INSERT INTO `pe...')
#2 D:\xampp\htdocs\si-rt\system\Database\BaseConnection.php(605): CodeIgniter\Database\BaseConnection->simpleQuery('INSERT INTO `pe...')
#3 D:\xampp\htdocs\si-rt\system\Database\BaseBuilder.php(2309): CodeIgniter\Database\BaseConnection->query('INSERT INTO `pe...', Array, false)
#4 D:\xampp\htdocs\si-rt\system\Model.php(330): CodeIgniter\Database\BaseBuilder->insert()
#5 D:\xampp\htdocs\si-rt\system\BaseModel.php(782): CodeIgniter\Model->doInsert(Array)
#6 D:\xampp\htdocs\si-rt\system\Model.php(730): CodeIgniter\BaseModel->insert(Array, false)
#7 D:\xampp\htdocs\si-rt\app\Controllers\DataPendudukController.php(44): CodeIgniter\Model->insert(Array, false)
#8 D:\xampp\htdocs\si-rt\system\CodeIgniter.php(934): App\Controllers\DataPendudukController->submit_tambah()
#9 D:\xampp\htdocs\si-rt\system\CodeIgniter.php(499): CodeIgniter\CodeIgniter->runController(Object(App\Controllers\DataPendudukController))
#10 D:\xampp\htdocs\si-rt\system\CodeIgniter.php(368): CodeIgniter\CodeIgniter->handleRequest(NULL, Object(Config\Cache), false)
#11 D:\xampp\htdocs\si-rt\index.php(67): CodeIgniter\CodeIgniter->run()
#12 {main}
CRITICAL - 2023-06-24 15:39:18 --> Column 'tempat_lahir' cannot be null
in SYSTEMPATH\Database\MySQLi\Connection.php on line 295.
 1 SYSTEMPATH\Database\MySQLi\Connection.php(295): mysqli->query('INSERT INTO `penduduk` (`nik`, `nama`, `tempat_lahir`, `tanggal_lahir`) VALUES (\'123129\', \'ASDFASDF\', NULL, NULL)', 0)
 2 SYSTEMPATH\Database\BaseConnection.php(691): CodeIgniter\Database\MySQLi\Connection->execute('INSERT INTO `penduduk` (`nik`, `nama`, `tempat_lahir`, `tanggal_lahir`) VALUES (\'123129\', \'ASDFASDF\', NULL, NULL)')
 3 SYSTEMPATH\Database\BaseConnection.php(605): CodeIgniter\Database\BaseConnection->simpleQuery('INSERT INTO `penduduk` (`nik`, `nama`, `tempat_lahir`, `tanggal_lahir`) VALUES (\'123129\', \'ASDFASDF\', NULL, NULL)')
 4 SYSTEMPATH\Database\BaseBuilder.php(2309): CodeIgniter\Database\BaseConnection->query('INSERT INTO `penduduk` (`nik`, `nama`, `tempat_lahir`, `tanggal_lahir`) VALUES (:nik:, :nama:, :tempat_lahir:, :tanggal_lahir:)', [...], false)
 5 SYSTEMPATH\Model.php(330): CodeIgniter\Database\BaseBuilder->insert()
 6 SYSTEMPATH\BaseModel.php(782): CodeIgniter\Model->doInsert([...])
 7 SYSTEMPATH\Model.php(730): CodeIgniter\BaseModel->insert([...], false)
 8 APPPATH\Controllers\DataPendudukController.php(44): CodeIgniter\Model->insert([...], false)
 9 SYSTEMPATH\CodeIgniter.php(934): App\Controllers\DataPendudukController->submit_tambah()
10 SYSTEMPATH\CodeIgniter.php(499): CodeIgniter\CodeIgniter->runController(Object(App\Controllers\DataPendudukController))
11 SYSTEMPATH\CodeIgniter.php(368): CodeIgniter\CodeIgniter->handleRequest(null, Object(Config\Cache), false)
12 FCPATH\index.php(67): CodeIgniter\CodeIgniter->run()
CRITICAL - 2023-06-24 15:45:03 --> Undefined variable $jenis_kelamin
in APPPATH\Controllers\DataPendudukController.php on line 35.
 1 APPPATH\Controllers\DataPendudukController.php(35): CodeIgniter\Debug\Exceptions->errorHandler(2, 'Undefined variable $jenis_kelamin', 'D:\\xampp\\htdocs\\si-rt\\app\\Controllers\\DataPendudukController.php', 35)
 2 SYSTEMPATH\CodeIgniter.php(934): App\Controllers\DataPendudukController->submit_tambah()
 3 SYSTEMPATH\CodeIgniter.php(499): CodeIgniter\CodeIgniter->runController(Object(App\Controllers\DataPendudukController))
 4 SYSTEMPATH\CodeIgniter.php(368): CodeIgniter\CodeIgniter->handleRequest(null, Object(Config\Cache), false)
 5 FCPATH\index.php(67): CodeIgniter\CodeIgniter->run()
